2016-03-04 12:42:46,871 INFO: timelimit -t 120 -T 1 /tmp/jikes-experiment-z7JxSN/dist/development_x86_64-linux/rvm -Xbootclasspath/p:/tmp/jikes-experiment-z7JxSN/mongo-java-driver-2.11.3.jar -use_aosdb1000 -jar /users/staff/kristian/JikesRVM/dacapo.jar avrora -s default -n 1
2016-03-04 12:42:53,415 INFO: 5081
2016-03-04 12:42:53,416 INFO: timelimit -t 120 -T 1 /tmp/jikes-experiment-z7JxSN/dist/development_x86_64-linux/rvm -Xbootclasspath/p:/tmp/jikes-experiment-z7JxSN/mongo-java-driver-2.11.3.jar -use_aosdbbulkcompile -jar /users/staff/kristian/JikesRVM/dacapo.jar avrora -s default -n 1
2016-03-04 12:43:12,174 INFO: 4602
2016-03-04 12:43:12,268 INFO: timelimit -t 120 -T 1 /tmp/jikes-experiment-z7JxSN/dist/development_x86_64-linux/rvm -Xbootclasspath/p:/tmp/jikes-experiment-z7JxSN/mongo-java-driver-2.11.3.jar -use_aosdb1000 -jar /users/staff/kristian/JikesRVM/dacapo.jar lusearch -s default -n 1
2016-03-04 12:43:20,432 INFO: 6336
2016-03-04 12:43:20,433 INFO: timelimit -t 120 -T 1 /tmp/jikes-experiment-z7JxSN/dist/development_x86_64-linux/rvm -Xbootclasspath/p:/tmp/jikes-experiment-z7JxSN/mongo-java-driver-2.11.3.jar -use_aosdbbulkcompile -jar /users/staff/kristian/JikesRVM/dacapo.jar lusearch -s default -n 1
2016-03-04 12:43:36,528 INFO: 6671
2016-03-04 12:43:36,624 INFO: timelimit -t 120 -T 1 /tmp/jikes-experiment-z7JxSN/dist/development_x86_64-linux/rvm -Xbootclasspath/p:/tmp/jikes-experiment-z7JxSN/mongo-java-driver-2.11.3.jar -use_aosdb1000 -jar /users/staff/kristian/JikesRVM/dacapo.jar jython -s default -n 1
2016-03-04 12:43:59,236 INFO: 14376
2016-03-04 12:43:59,236 INFO: timelimit -t 120 -T 1 /tmp/jikes-experiment-z7JxSN/dist/development_x86_64-linux/rvm -Xbootclasspath/p:/tmp/jikes-experiment-z7JxSN/mongo-java-driver-2.11.3.jar -use_aosdbbulkcompile -jar /users/staff/kristian/JikesRVM/dacapo.jar jython -s default -n 1
2016-03-04 12:44:39,502 INFO: 14431
2016-03-04 12:44:39,598 INFO: timelimit -t 120 -T 1 /tmp/jikes-experiment-z7JxSN/dist/development_x86_64-linux/rvm -Xbootclasspath/p:/tmp/jikes-experiment-z7JxSN/mongo-java-driver-2.11.3.jar -use_aosdb1000 -jar /users/staff/kristian/JikesRVM/dacapo.jar luindex -s default -n 1
2016-03-04 12:44:44,788 INFO: 2582
2016-03-04 12:44:44,788 INFO: timelimit -t 120 -T 1 /tmp/jikes-experiment-z7JxSN/dist/development_x86_64-linux/rvm -Xbootclasspath/p:/tmp/jikes-experiment-z7JxSN/mongo-java-driver-2.11.3.jar -use_aosdbbulkcompile -jar /users/staff/kristian/JikesRVM/dacapo.jar luindex -s default -n 1
2016-03-04 12:44:59,188 INFO: 2363
2016-03-04 12:44:59,285 INFO: timelimit -t 120 -T 1 /tmp/jikes-experiment-z7JxSN/dist/development_x86_64-linux/rvm -Xbootclasspath/p:/tmp/jikes-experiment-z7JxSN/mongo-java-driver-2.11.3.jar -use_aosdb1000 -jar /users/staff/kristian/JikesRVM/dacapo.jar xalan -s default -n 1
2016-03-04 12:45:04,741 INFO: 3171
2016-03-04 12:45:04,742 INFO: timelimit -t 120 -T 1 /tmp/jikes-experiment-z7JxSN/dist/development_x86_64-linux/rvm -Xbootclasspath/p:/tmp/jikes-experiment-z7JxSN/mongo-java-driver-2.11.3.jar -use_aosdbbulkcompile -jar /users/staff/kristian/JikesRVM/dacapo.jar xalan -s default -n 1
2016-03-04 12:45:16,534 INFO: 3253
2016-03-04 12:45:16,628 INFO: timelimit -t 120 -T 1 /tmp/jikes-experiment-z7JxSN/dist/development_x86_64-linux/rvm -Xbootclasspath/p:/tmp/jikes-experiment-z7JxSN/mongo-java-driver-2.11.3.jar -use_aosdb1000 -jar /users/staff/kristian/JikesRVM/dacapo.jar pmd -s default -n 1
2016-03-04 12:45:22,870 INFO: 3512
2016-03-04 12:45:22,871 INFO: timelimit -t 120 -T 1 /tmp/jikes-experiment-z7JxSN/dist/development_x86_64-linux/rvm -Xbootclasspath/p:/tmp/jikes-experiment-z7JxSN/mongo-java-driver-2.11.3.jar -use_aosdbbulkcompile -jar /users/staff/kristian/JikesRVM/dacapo.jar pmd -s default -n 1
2016-03-04 12:45:38,060 INFO: 2850
2016-03-04 12:45:38,153 INFO: timelimit -t 120 -T 1 /tmp/jikes-experiment-z7JxSN/dist/development_x86_64-linux/rvm -Xbootclasspath/p:/tmp/jikes-experiment-z7JxSN/mongo-java-driver-2.11.3.jar -use_aosdb1000 -jar /users/staff/kristian/JikesRVM/dacapo.jar sunflow -s default -n 1
2016-03-04 12:45:45,209 INFO: 6136
2016-03-04 12:45:45,210 INFO: timelimit -t 120 -T 1 /tmp/jikes-experiment-z7JxSN/dist/development_x86_64-linux/rvm -Xbootclasspath/p:/tmp/jikes-experiment-z7JxSN/mongo-java-driver-2.11.3.jar -use_aosdbbulkcompile -jar /users/staff/kristian/JikesRVM/dacapo.jar sunflow -s default -n 1
2016-03-04 12:45:56,268 INFO: 3302
